<?xml version="1.0" encoding="UTF-8"?>
<!-- Generated by org.testng.reporters.JUnitReportReporter -->
<testsuite hostname="Preeths-MacBook-Pro.local" failures="0" tests="1" name="appiumGID.appiumAID.AppiumBasics" time="17.333" errors="0" timestamp="2023-07-02T12:11:49 PDT" skipped="0">
  <testcase classname="appiumGID.appiumAID.AppiumBasics" name="appiumTest" time="17.333"/>
  <system-out/>
</testsuite> <!-- appiumGID.appiumAID.AppiumBasics -->
