<?xml version="1.0" encoding="UTF-8"?>
<!-- Generated by org.testng.reporters.JUnitReportReporter -->
<testsuite hostname="Preeths-MBP" failures="0" tests="1" name="appiumGID.appiumAID.AppiumBasics" time="25.204" errors="0" timestamp="2023-07-01T19:55:44 PDT" skipped="0">
  <testcase classname="appiumGID.appiumAID.AppiumBasics" name="appiumTest" time="25.204"/>
  <system-out/>
</testsuite> <!-- appiumGID.appiumAID.AppiumBasics -->
